<?xml version="1.0" encoding="UTF-8"?>
<testng-results skipped="0" failed="0" ignored="0" total="5" passed="5">
  <reporter-output>
  </reporter-output>
  <suite name="Default suite" duration-ms="79414" started-at="2021-04-27T08:08:25 IST" finished-at="2021-04-27T08:09:44 IST">
    <groups>
      <group name="cucumber">
        <method signature="AbstractTestNGCucumberTests.runScenario(io.cucumber.testng.PickleWrapper, io.cucumber.testng.FeatureWrapper)[pri:0, instance:TestRunner.TestRunner@7a1ebcd8]" name="runScenario" class="io.cucumber.testng.AbstractTestNGCucumberTests"/>
      </group> <!-- cucumber -->
    </groups>
    <test name="Default test" duration-ms="79414" started-at="2021-04-27T08:08:25 IST" finished-at="2021-04-27T08:09:44 IST">
      <class name="TestRunner.TestRunner">
        <test-method status="PASS" signature="setUpClass()[pri:0, instance:TestRunner.TestRunner@7a1ebcd8]" name="setUpClass" is-config="true" duration-ms="819" started-at="2021-04-27T08:08:25 IST" finished-at="2021-04-27T08:08:26 IST">
          <reporter-output>
          </reporter-output>
        </test-method> <!-- setUpClass -->
        <test-method status="PASS" signature="runScenario(io.cucumber.testng.PickleWrapper, io.cucumber.testng.FeatureWrapper)[pri:0, instance:TestRunner.TestRunner@7a1ebcd8]" name="runScenario" duration-ms="15945" started-at="2021-04-27T08:08:26 IST" description="Runs Cucumber Scenarios" data-provider="scenarios" finished-at="2021-04-27T08:08:42 IST">
          <params>
            <param index="0">
              <value>
                <![CDATA["Successful Registration with valid User Details"]]>
              </value>
            </param>
            <param index="1">
              <value>
                <![CDATA["Optional[Registration and Login]"]]>
              </value>
            </param>
          </params>
          <reporter-output>
          </reporter-output>
        </test-method> <!-- runScenario -->
        <test-method status="PASS" signature="runScenario(io.cucumber.testng.PickleWrapper, io.cucumber.testng.FeatureWrapper)[pri:0, instance:TestRunner.TestRunner@7a1ebcd8]" name="runScenario" duration-ms="12306" started-at="2021-04-27T08:08:42 IST" description="Runs Cucumber Scenarios" data-provider="scenarios" finished-at="2021-04-27T08:08:54 IST">
          <params>
            <param index="0">
              <value>
                <![CDATA["Login with Valid user credentials"]]>
              </value>
            </param>
            <param index="1">
              <value>
                <![CDATA["Optional[Registration and Login]"]]>
              </value>
            </param>
          </params>
          <reporter-output>
          </reporter-output>
        </test-method> <!-- runScenario -->
        <test-method status="PASS" signature="runScenario(io.cucumber.testng.PickleWrapper, io.cucumber.testng.FeatureWrapper)[pri:0, instance:TestRunner.TestRunner@7a1ebcd8]" name="runScenario" duration-ms="12070" started-at="2021-04-27T08:08:54 IST" description="Runs Cucumber Scenarios" data-provider="scenarios" finished-at="2021-04-27T08:09:06 IST">
          <params>
            <param index="0">
              <value>
                <![CDATA["Loggedin User emailid validation"]]>
              </value>
            </param>
            <param index="1">
              <value>
                <![CDATA["Optional[Registration and Login]"]]>
              </value>
            </param>
          </params>
          <reporter-output>
          </reporter-output>
        </test-method> <!-- runScenario -->
        <test-method status="PASS" signature="runScenario(io.cucumber.testng.PickleWrapper, io.cucumber.testng.FeatureWrapper)[pri:0, instance:TestRunner.TestRunner@7a1ebcd8]" name="runScenario" duration-ms="23798" started-at="2021-04-27T08:09:06 IST" description="Runs Cucumber Scenarios" data-provider="scenarios" finished-at="2021-04-27T08:09:30 IST">
          <params>
            <param index="0">
              <value>
                <![CDATA["Composing Email with valid input"]]>
              </value>
            </param>
            <param index="1">
              <value>
                <![CDATA["Optional[Registration and Login]"]]>
              </value>
            </param>
          </params>
          <reporter-output>
          </reporter-output>
        </test-method> <!-- runScenario -->
        <test-method status="PASS" signature="runScenario(io.cucumber.testng.PickleWrapper, io.cucumber.testng.FeatureWrapper)[pri:0, instance:TestRunner.TestRunner@7a1ebcd8]" name="runScenario" duration-ms="13984" started-at="2021-04-27T08:09:30 IST" description="Runs Cucumber Scenarios" data-provider="scenarios" finished-at="2021-04-27T08:09:44 IST">
          <params>
            <param index="0">
              <value>
                <![CDATA["Log out"]]>
              </value>
            </param>
            <param index="1">
              <value>
                <![CDATA["Optional[Registration and Login]"]]>
              </value>
            </param>
          </params>
          <reporter-output>
          </reporter-output>
        </test-method> <!-- runScenario -->
        <test-method status="PASS" signature="tearDownClass()[pri:0, instance:TestRunner.TestRunner@7a1ebcd8]" name="tearDownClass" is-config="true" duration-ms="408" started-at="2021-04-27T08:09:44 IST" finished-at="2021-04-27T08:09:44 IST">
          <reporter-output>
          </reporter-output>
        </test-method> <!-- tearDownClass -->
      </class> <!-- TestRunner.TestRunner -->
    </test> <!-- Default test -->
  </suite> <!-- Default suite -->
</testng-results>
