<?xml version="1.0" encoding="UTF-8"?>
<testng-results skipped="0" failed="0" ignored="0" total="5" passed="5">
  <reporter-output>
  </reporter-output>
  <suite name="Default suite" duration-ms="94369" started-at="2021-04-26T17:29:44 IST" finished-at="2021-04-26T17:31:18 IST">
    <groups>
      <group name="cucumber">
        <method signature="AbstractTestNGCucumberTests.runScenario(io.cucumber.testng.PickleWrapper, io.cucumber.testng.FeatureWrapper)[pri:0, instance:TestRunner.TestRunner@7a1ebcd8]" name="runScenario" class="io.cucumber.testng.AbstractTestNGCucumberTests"/>
      </group> <!-- cucumber -->
    </groups>
    <test name="Default test" duration-ms="94369" started-at="2021-04-26T17:29:44 IST" finished-at="2021-04-26T17:31:18 IST">
      <class name="TestRunner.TestRunner">
        <test-method status="PASS" signature="setUpClass()[pri:0, instance:TestRunner.TestRunner@7a1ebcd8]" name="setUpClass" is-config="true" duration-ms="998" started-at="2021-04-26T17:29:44 IST" finished-at="2021-04-26T17:29:45 IST">
          <reporter-output>
          </reporter-output>
        </test-method> <!-- setUpClass -->
        <test-method status="PASS" signature="runScenario(io.cucumber.testng.PickleWrapper, io.cucumber.testng.FeatureWrapper)[pri:0, instance:TestRunner.TestRunner@7a1ebcd8]" name="runScenario" duration-ms="22876" started-at="2021-04-26T17:29:45 IST" description="Runs Cucumber Scenarios" data-provider="scenarios" finished-at="2021-04-26T17:30:08 IST">
          <params>
            <param index="0">
              <value>
                <![CDATA["Successful Registration with valid User Details"]]>
              </value>
            </param>
            <param index="1">
              <value>
                <![CDATA["Optional[Registration and Login]"]]>
              </value>
            </param>
          </params>
          <reporter-output>
          </reporter-output>
        </test-method> <!-- runScenario -->
        <test-method status="PASS" signature="runScenario(io.cucumber.testng.PickleWrapper, io.cucumber.testng.FeatureWrapper)[pri:0, instance:TestRunner.TestRunner@7a1ebcd8]" name="runScenario" duration-ms="13579" started-at="2021-04-26T17:30:08 IST" description="Runs Cucumber Scenarios" data-provider="scenarios" finished-at="2021-04-26T17:30:22 IST">
          <params>
            <param index="0">
              <value>
                <![CDATA["Login with Valid user credentials"]]>
              </value>
            </param>
            <param index="1">
              <value>
                <![CDATA["Optional[Registration and Login]"]]>
              </value>
            </param>
          </params>
          <reporter-output>
          </reporter-output>
        </test-method> <!-- runScenario -->
        <test-method status="PASS" signature="runScenario(io.cucumber.testng.PickleWrapper, io.cucumber.testng.FeatureWrapper)[pri:0, instance:TestRunner.TestRunner@7a1ebcd8]" name="runScenario" duration-ms="14508" started-at="2021-04-26T17:30:22 IST" description="Runs Cucumber Scenarios" data-provider="scenarios" finished-at="2021-04-26T17:30:36 IST">
          <params>
            <param index="0">
              <value>
                <![CDATA["Loggedin User emailid validation"]]>
              </value>
            </param>
            <param index="1">
              <value>
                <![CDATA["Optional[Registration and Login]"]]>
              </value>
            </param>
          </params>
          <reporter-output>
          </reporter-output>
        </test-method> <!-- runScenario -->
        <test-method status="PASS" signature="runScenario(io.cucumber.testng.PickleWrapper, io.cucumber.testng.FeatureWrapper)[pri:0, instance:TestRunner.TestRunner@7a1ebcd8]" name="runScenario" duration-ms="28157" started-at="2021-04-26T17:30:36 IST" description="Runs Cucumber Scenarios" data-provider="scenarios" finished-at="2021-04-26T17:31:04 IST">
          <params>
            <param index="0">
              <value>
                <![CDATA["Composing Email with valid input"]]>
              </value>
            </param>
            <param index="1">
              <value>
                <![CDATA["Optional[Registration and Login]"]]>
              </value>
            </param>
          </params>
          <reporter-output>
          </reporter-output>
        </test-method> <!-- runScenario -->
        <test-method status="PASS" signature="runScenario(io.cucumber.testng.PickleWrapper, io.cucumber.testng.FeatureWrapper)[pri:0, instance:TestRunner.TestRunner@7a1ebcd8]" name="runScenario" duration-ms="13794" started-at="2021-04-26T17:31:04 IST" description="Runs Cucumber Scenarios" data-provider="scenarios" finished-at="2021-04-26T17:31:18 IST">
          <params>
            <param index="0">
              <value>
                <![CDATA["Log out"]]>
              </value>
            </param>
            <param index="1">
              <value>
                <![CDATA["Optional[Registration and Login]"]]>
              </value>
            </param>
          </params>
          <reporter-output>
          </reporter-output>
        </test-method> <!-- runScenario -->
        <test-method status="PASS" signature="tearDownClass()[pri:0, instance:TestRunner.TestRunner@7a1ebcd8]" name="tearDownClass" is-config="true" duration-ms="365" started-at="2021-04-26T17:31:18 IST" finished-at="2021-04-26T17:31:18 IST">
          <reporter-output>
          </reporter-output>
        </test-method> <!-- tearDownClass -->
      </class> <!-- TestRunner.TestRunner -->
    </test> <!-- Default test -->
  </suite> <!-- Default suite -->
</testng-results>
